time="2020-10-09T15:02:30+08:00" level=info msg="[resk/infra.(*BootApplication).init(infra/boot.go:36)] Initializing starters..." func="resk/infra.(*BootApplication).init" file="infra/boot.go:36"
time="2020-10-09T15:02:30+08:00" level=debug msg="[resk/infra.(*BootApplication).init(infra/boot.go:39)] Initializing: PriorityGroup=20,Priority=10000,type=*base.PropsStarter\n" func="resk/infra.(*BootApplication).init" file="infra/boot.go:39"
time="2020-10-09T15:02:30+08:00" level=info msg="[resk/infra/base.(*PropsStarter).Init(base/props.go:23)] 初始化配置中..." func="resk/infra/base.(*PropsStarter).Init" file="base/props.go:23"
time="2020-10-09T15:02:31+08:00" level=debug msg="[resk/infra.(*BootApplication).init(infra/boot.go:39)] Initializing: PriorityGroup=20,Priority=10000,type=*base.DatabaseStarter\n" func="resk/infra.(*BootApplication).init" file="infra/boot.go:39"
time="2020-10-09T15:02:31+08:00" level=debug msg="[resk/infra.(*BootApplication).init(infra/boot.go:39)] Initializing: PriorityGroup=20,Priority=10000,type=*base.ValidatorStarter\n" func="resk/infra.(*BootApplication).init" file="infra/boot.go:39"
time="2020-10-09T15:02:31+08:00" level=debug msg="[resk/infra.(*BootApplication).init(infra/boot.go:39)] Initializing: PriorityGroup=20,Priority=10000,type=*tasks.RefundExpiredTaskStarter\n" func="resk/infra.(*BootApplication).init" file="infra/boot.go:39"
time="2020-10-09T15:02:31+08:00" level=debug msg="[resk/infra.(*BootApplication).init(infra/boot.go:39)] Initializing: PriorityGroup=20,Priority=10000,type=*infra.WebApiStarter\n" func="resk/infra.(*BootApplication).init" file="infra/boot.go:39"
time="2020-10-09T15:02:31+08:00" level=debug msg="[resk/infra.(*BootApplication).init(infra/boot.go:39)] Initializing: PriorityGroup=20,Priority=10000,type=*base.HookStarter\n" func="resk/infra.(*BootApplication).init" file="infra/boot.go:39"
time="2020-10-09T15:02:31+08:00" level=debug msg="[resk/infra.(*BootApplication).init(infra/boot.go:39)] Initializing: PriorityGroup=20,Priority=10000,type=*base.IrisServerStarter\n" func="resk/infra.(*BootApplication).init" file="infra/boot.go:39"
time="2020-10-09T15:02:31+08:00" level=info msg="[resk/infra.(*BootApplication).setup(infra/boot.go:46)] Setup starters..." func="resk/infra.(*BootApplication).setup" file="infra/boot.go:46"
time="2020-10-09T15:02:31+08:00" level=debug msg="[resk/infra.(*BootApplication).setup(infra/boot.go:49)] Setup: *base.PropsStarter" func="resk/infra.(*BootApplication).setup" file="infra/boot.go:49"
time="2020-10-09T15:02:31+08:00" level=debug msg="[resk/infra.(*BootApplication).setup(infra/boot.go:49)] Setup: *base.DatabaseStarter" func="resk/infra.(*BootApplication).setup" file="infra/boot.go:49"
time="2020-10-09T15:02:31+08:00" level=info msg="[resk/infra/base.(*DatabaseStarter).Setup(base/dbx.go:32)] mysql.conn url:root:***@tcp(101.200.243.176:3306)/resk?parseTime=true&charset=utf8mb4&loc=Local&" func="resk/infra/base.(*DatabaseStarter).Setup" file="base/dbx.go:32"
time="2020-10-09T15:02:31+08:00" level=info msg="[resk/infra/base.(*DatabaseStarter).Setup(base/dbx.go:37)] <nil>" func="resk/infra/base.(*DatabaseStarter).Setup" file="base/dbx.go:37"
time="2020-10-09T15:02:31+08:00" level=debug msg="[resk/infra.(*BootApplication).setup(infra/boot.go:49)] Setup: *base.ValidatorStarter" func="resk/infra.(*BootApplication).setup" file="infra/boot.go:49"
time="2020-10-09T15:02:31+08:00" level=debug msg="[resk/infra.(*BootApplication).setup(infra/boot.go:49)] Setup: *tasks.RefundExpiredTaskStarter" func="resk/infra.(*BootApplication).setup" file="infra/boot.go:49"
time="2020-10-09T15:02:31+08:00" level=debug msg="[resk/infra.(*BootApplication).setup(infra/boot.go:49)] Setup: *infra.WebApiStarter" func="resk/infra.(*BootApplication).setup" file="infra/boot.go:49"
time="2020-10-09T15:02:31+08:00" level=debug msg="[resk/infra.(*BootApplication).setup(infra/boot.go:49)] Setup: *base.HookStarter" func="resk/infra.(*BootApplication).setup" file="infra/boot.go:49"
time="2020-10-09T15:02:31+08:00" level=debug msg="[resk/infra.(*BootApplication).setup(infra/boot.go:49)] Setup: *base.IrisServerStarter" func="resk/infra.(*BootApplication).setup" file="infra/boot.go:49"
time="2020-10-09T15:02:31+08:00" level=info msg="[resk/infra.(*BootApplication).start(infra/boot.go:56)] Starting starters..." func="resk/infra.(*BootApplication).start" file="infra/boot.go:56"
time="2020-10-09T15:02:31+08:00" level=debug msg="[resk/infra.(*BootApplication).start(infra/boot.go:59)] Starting: *base.PropsStarter" func="resk/infra.(*BootApplication).start" file="infra/boot.go:59"
time="2020-10-09T15:02:31+08:00" level=debug msg="[resk/infra.(*BootApplication).start(infra/boot.go:59)] Starting: *base.DatabaseStarter" func="resk/infra.(*BootApplication).start" file="infra/boot.go:59"
time="2020-10-09T15:02:31+08:00" level=debug msg="[resk/infra.(*BootApplication).start(infra/boot.go:59)] Starting: *base.ValidatorStarter" func="resk/infra.(*BootApplication).start" file="infra/boot.go:59"
time="2020-10-09T15:02:31+08:00" level=debug msg="[resk/infra.(*BootApplication).start(infra/boot.go:59)] Starting: *tasks.RefundExpiredTaskStarter" func="resk/infra.(*BootApplication).start" file="infra/boot.go:59"
time="2020-10-09T15:02:31+08:00" level=debug msg="[resk/infra.(*BootApplication).start(infra/boot.go:59)] Starting: *infra.WebApiStarter" func="resk/infra.(*BootApplication).start" file="infra/boot.go:59"
time="2020-10-09T15:02:31+08:00" level=debug msg="[resk/infra.(*BootApplication).start(infra/boot.go:59)] Starting: *base.HookStarter" func="resk/infra.(*BootApplication).start" file="infra/boot.go:59"
time="2020-10-09T15:02:31+08:00" level=info msg="[resk/infra/base.(*HookStarter).Start(base/hook.go:42)] [Register Notify Stop]:%s.Stop()*base.PropsStarter" func="resk/infra/base.(*HookStarter).Start" file="base/hook.go:42"
time="2020-10-09T15:02:31+08:00" level=info msg="[resk/infra/base.(*HookStarter).Start(base/hook.go:42)] [Register Notify Stop]:%s.Stop()*base.DatabaseStarter" func="resk/infra/base.(*HookStarter).Start" file="base/hook.go:42"
time="2020-10-09T15:02:31+08:00" level=info msg="[resk/infra/base.(*HookStarter).Start(base/hook.go:42)] [Register Notify Stop]:%s.Stop()*base.ValidatorStarter" func="resk/infra/base.(*HookStarter).Start" file="base/hook.go:42"
time="2020-10-09T15:02:31+08:00" level=info msg="[resk/infra/base.(*HookStarter).Start(base/hook.go:42)] [Register Notify Stop]:%s.Stop()*tasks.RefundExpiredTaskStarter" func="resk/infra/base.(*HookStarter).Start" file="base/hook.go:42"
time="2020-10-09T15:02:31+08:00" level=info msg="[resk/infra/base.(*HookStarter).Start(base/hook.go:42)] [Register Notify Stop]:%s.Stop()*infra.WebApiStarter" func="resk/infra/base.(*HookStarter).Start" file="base/hook.go:42"
time="2020-10-09T15:02:31+08:00" level=info msg="[resk/infra/base.(*HookStarter).Start(base/hook.go:42)] [Register Notify Stop]:%s.Stop()*base.HookStarter" func="resk/infra/base.(*HookStarter).Start" file="base/hook.go:42"
time="2020-10-09T15:02:31+08:00" level=info msg="[resk/infra/base.(*HookStarter).Start(base/hook.go:42)] [Register Notify Stop]:%s.Stop()*base.IrisServerStarter" func="resk/infra/base.(*HookStarter).Start" file="base/hook.go:42"
time="2020-10-09T15:02:31+08:00" level=debug msg="[resk/infra.(*BootApplication).start(infra/boot.go:59)] Starting: *base.IrisServerStarter" func="resk/infra.(*BootApplication).start" file="infra/boot.go:59"
time="2020-10-09T15:02:31+08:00" level=info msg="[resk/infra/base.(*IrisServerStarter).Start(base/iris_server.go:38)] POST: /v1/account/create -> resk/apis/web.(*AccountApi).createHandler-fm() and 2 more" func="resk/infra/base.(*IrisServerStarter).Start" file="base/iris_server.go:38"
time="2020-10-09T15:02:31+08:00" level=info msg="[resk/infra/base.(*IrisServerStarter).Start(base/iris_server.go:38)] POST: /v1/envelope/sending -> resk/apis/web.(*EnvelopeApi).sendOutHandler-fm() and 2 more" func="resk/infra/base.(*IrisServerStarter).Start" file="base/iris_server.go:38"
time="2020-10-09T15:02:31+08:00" level=info msg="[resk/infra/base.(*IrisServerStarter).Start(base/iris_server.go:38)] POST: /v1/envelope/receive -> resk/apis/web.(*EnvelopeApi).receiveHandler-fm() and 2 more" func="resk/infra/base.(*IrisServerStarter).Start" file="base/iris_server.go:38"
time="2020-10-09T15:02:31+08:00" level=info msg="[resk/infra/base.(*IrisServerStarter).Start(base/iris_server.go:38)] HEAD: /favicon.ico -> github.com/kataras/iris/core/router.(*APIBuilder).Favicon.func1() and 2 more" func="resk/infra/base.(*IrisServerStarter).Start" file="base/iris_server.go:38"
time="2020-10-09T15:02:31+08:00" level=info msg="[resk/infra/base.(*IrisServerStarter).Start(base/iris_server.go:38)] GET: /favicon.ico -> github.com/kataras/iris/core/router.(*APIBuilder).Favicon.func1() and 2 more" func="resk/infra/base.(*IrisServerStarter).Start" file="base/iris_server.go:38"
time="2020-10-09T15:02:31+08:00" level=info msg="[resk/infra/base.(*IrisServerStarter).Start(base/iris_server.go:38)] HEAD: /public/static/*file -> github.com/kataras/iris/core/router.StripPrefix.func1() and 2 more" func="resk/infra/base.(*IrisServerStarter).Start" file="base/iris_server.go:38"
time="2020-10-09T15:02:31+08:00" level=info msg="[resk/infra/base.(*IrisServerStarter).Start(base/iris_server.go:38)] GET: /public/static/*file -> github.com/kataras/iris/core/router.StripPrefix.func1() and 2 more" func="resk/infra/base.(*IrisServerStarter).Start" file="base/iris_server.go:38"
time="2020-10-09T15:02:31+08:00" level=info msg="[resk/infra/base.(*IrisServerStarter).Start(base/iris_server.go:38)] HEAD: /public/ui/*file -> github.com/kataras/iris/core/router.StripPrefix.func1() and 2 more" func="resk/infra/base.(*IrisServerStarter).Start" file="base/iris_server.go:38"
time="2020-10-09T15:02:31+08:00" level=info msg="[resk/infra/base.(*IrisServerStarter).Start(base/iris_server.go:38)] GET: /public/ui/*file -> github.com/kataras/iris/core/router.StripPrefix.func1() and 2 more" func="resk/infra/base.(*IrisServerStarter).Start" file="base/iris_server.go:38"
time="2020-10-09T15:02:31+08:00" level=info msg="[resk/infra/base.(*IrisServerStarter).Start(base/iris_server.go:38)] GET: / -> resk/public/ui.(*MobileView).indexHandler-fm() and 2 more" func="resk/infra/base.(*IrisServerStarter).Start" file="base/iris_server.go:38"
time="2020-10-09T15:02:31+08:00" level=info msg="[resk/infra/base.(*IrisServerStarter).Start(base/iris_server.go:38)] POST: / -> resk/public/ui.(*MobileView).indexHandler-fm() and 2 more" func="resk/infra/base.(*IrisServerStarter).Start" file="base/iris_server.go:38"
time="2020-10-09T15:02:31+08:00" level=info msg="[resk/infra/base.(*IrisServerStarter).Start(base/iris_server.go:38)] PUT: / -> resk/public/ui.(*MobileView).indexHandler-fm() and 2 more" func="resk/infra/base.(*IrisServerStarter).Start" file="base/iris_server.go:38"
time="2020-10-09T15:02:31+08:00" level=info msg="[resk/infra/base.(*IrisServerStarter).Start(base/iris_server.go:38)] DELETE: / -> resk/public/ui.(*MobileView).indexHandler-fm() and 2 more" func="resk/infra/base.(*IrisServerStarter).Start" file="base/iris_server.go:38"
time="2020-10-09T15:02:31+08:00" level=info msg="[resk/infra/base.(*IrisServerStarter).Start(base/iris_server.go:38)] CONNECT: / -> resk/public/ui.(*MobileView).indexHandler-fm() and 2 more" func="resk/infra/base.(*IrisServerStarter).Start" file="base/iris_server.go:38"
time="2020-10-09T15:02:31+08:00" level=info msg="[resk/infra/base.(*IrisServerStarter).Start(base/iris_server.go:38)] HEAD: / -> resk/public/ui.(*MobileView).indexHandler-fm() and 2 more" func="resk/infra/base.(*IrisServerStarter).Start" file="base/iris_server.go:38"
time="2020-10-09T15:02:31+08:00" level=info msg="[resk/infra/base.(*IrisServerStarter).Start(base/iris_server.go:38)] PATCH: / -> resk/public/ui.(*MobileView).indexHandler-fm() and 2 more" func="resk/infra/base.(*IrisServerStarter).Start" file="base/iris_server.go:38"
time="2020-10-09T15:02:31+08:00" level=info msg="[resk/infra/base.(*IrisServerStarter).Start(base/iris_server.go:38)] OPTIONS: / -> resk/public/ui.(*MobileView).indexHandler-fm() and 2 more" func="resk/infra/base.(*IrisServerStarter).Start" file="base/iris_server.go:38"
time="2020-10-09T15:02:31+08:00" level=info msg="[resk/infra/base.(*IrisServerStarter).Start(base/iris_server.go:38)] TRACE: / -> resk/public/ui.(*MobileView).indexHandler-fm() and 2 more" func="resk/infra/base.(*IrisServerStarter).Start" file="base/iris_server.go:38"
time="2020-10-09T15:02:31+08:00" level=info msg="[resk/infra/base.(*IrisServerStarter).Start(base/iris_server.go:38)] GET: /login -> resk/public/ui.(*MobileView).loginHandler-fm() and 2 more" func="resk/infra/base.(*IrisServerStarter).Start" file="base/iris_server.go:38"
time="2020-10-09T15:02:31+08:00" level=info msg="[resk/infra/base.(*IrisServerStarter).Start(base/iris_server.go:38)] POST: /login -> resk/public/ui.(*MobileView).loginSubmitHandler-fm() and 2 more" func="resk/infra/base.(*IrisServerStarter).Start" file="base/iris_server.go:38"
time="2020-10-09T15:02:31+08:00" level=info msg="[resk/infra/base.(*IrisServerStarter).Start(base/iris_server.go:38)] GET: /logout -> resk/public/ui.(*MobileView).logoutHandler-fm() and 2 more" func="resk/infra/base.(*IrisServerStarter).Start" file="base/iris_server.go:38"
time="2020-10-09T15:02:31+08:00" level=info msg="[resk/infra/base.(*IrisServerStarter).Start(base/iris_server.go:38)] GET: /envelope/home -> resk/public/ui.(*MobileView).homeHandler-fm() and 3 more" func="resk/infra/base.(*IrisServerStarter).Start" file="base/iris_server.go:38"
time="2020-10-09T15:02:31+08:00" level=info msg="[resk/infra/base.(*IrisServerStarter).Start(base/iris_server.go:38)] GET: /envelope/recvd/list -> resk/public/ui.(*MobileView).receivedListHandler-fm() and 3 more" func="resk/infra/base.(*IrisServerStarter).Start" file="base/iris_server.go:38"
time="2020-10-09T15:02:31+08:00" level=info msg="[resk/infra/base.(*IrisServerStarter).Start(base/iris_server.go:38)] GET: /envelope/list -> resk/public/ui.(*MobileView).listHandler-fm() and 3 more" func="resk/infra/base.(*IrisServerStarter).Start" file="base/iris_server.go:38"
time="2020-10-09T15:02:31+08:00" level=info msg="[resk/infra/base.(*IrisServerStarter).Start(base/iris_server.go:38)] GET: /envelope/details -> resk/public/ui.(*MobileView).detailsHandler-fm() and 3 more" func="resk/infra/base.(*IrisServerStarter).Start" file="base/iris_server.go:38"
time="2020-10-09T15:02:31+08:00" level=info msg="[resk/infra/base.(*IrisServerStarter).Start(base/iris_server.go:38)] GET: /envelope/rev/home -> resk/public/ui.(*MobileView).receiveHomeHandler-fm() and 3 more" func="resk/infra/base.(*IrisServerStarter).Start" file="base/iris_server.go:38"
time="2020-10-09T15:02:31+08:00" level=info msg="[resk/infra/base.(*IrisServerStarter).Start(base/iris_server.go:38)] GET: /envelope/recd -> resk/public/ui.(*MobileView).receiveSubmitHandler-fm() and 3 more" func="resk/infra/base.(*IrisServerStarter).Start" file="base/iris_server.go:38"
time="2020-10-09T15:02:31+08:00" level=info msg="[resk/infra/base.(*IrisServerStarter).Start(base/iris_server.go:38)] GET: /envelope/sending -> resk/public/ui.(*MobileView).sendingHandler-fm() and 3 more" func="resk/infra/base.(*IrisServerStarter).Start" file="base/iris_server.go:38"
time="2020-10-09T15:02:31+08:00" level=info msg="[resk/infra/base.(*IrisServerStarter).Start(base/iris_server.go:38)] POST: /envelope/sending -> resk/public/ui.(*MobileView).sendingSubmitHandler-fm() and 3 more" func="resk/infra/base.(*IrisServerStarter).Start" file="base/iris_server.go:38"
time="2020-10-09T15:02:31+08:00" level=debug msg="[github.com/kataras/golog.integrateExternalLogger.func1(golog@v0.0.18/integration.go:28)] POST: /v1/account/create -> resk/apis/web.(*AccountApi).createHandler-fm() and 2 more" func=github.com/kataras/golog.integrateExternalLogger.func1 file="golog@v0.0.18/integration.go:28"
time="2020-10-09T15:02:31+08:00" level=debug msg="[github.com/kataras/golog.integrateExternalLogger.func1(golog@v0.0.18/integration.go:28)] POST: /v1/envelope/sending -> resk/apis/web.(*EnvelopeApi).sendOutHandler-fm() and 2 more" func=github.com/kataras/golog.integrateExternalLogger.func1 file="golog@v0.0.18/integration.go:28"
time="2020-10-09T15:02:31+08:00" level=debug msg="[github.com/kataras/golog.integrateExternalLogger.func1(golog@v0.0.18/integration.go:28)] POST: /v1/envelope/receive -> resk/apis/web.(*EnvelopeApi).receiveHandler-fm() and 2 more" func=github.com/kataras/golog.integrateExternalLogger.func1 file="golog@v0.0.18/integration.go:28"
time="2020-10-09T15:02:31+08:00" level=debug msg="[github.com/kataras/golog.integrateExternalLogger.func1(golog@v0.0.18/integration.go:28)] HEAD: /favicon.ico -> github.com/kataras/iris/core/router.(*APIBuilder).Favicon.func1() and 2 more" func=github.com/kataras/golog.integrateExternalLogger.func1 file="golog@v0.0.18/integration.go:28"
time="2020-10-09T15:02:31+08:00" level=debug msg="[github.com/kataras/golog.integrateExternalLogger.func1(golog@v0.0.18/integration.go:28)] GET: /favicon.ico -> github.com/kataras/iris/core/router.(*APIBuilder).Favicon.func1() and 2 more" func=github.com/kataras/golog.integrateExternalLogger.func1 file="golog@v0.0.18/integration.go:28"
time="2020-10-09T15:02:31+08:00" level=debug msg="[github.com/kataras/golog.integrateExternalLogger.func1(golog@v0.0.18/integration.go:28)] HEAD: /public/static/*file -> github.com/kataras/iris/core/router.StripPrefix.func1() and 2 more" func=github.com/kataras/golog.integrateExternalLogger.func1 file="golog@v0.0.18/integration.go:28"
time="2020-10-09T15:02:31+08:00" level=debug msg="[github.com/kataras/golog.integrateExternalLogger.func1(golog@v0.0.18/integration.go:28)] GET: /public/static/*file -> github.com/kataras/iris/core/router.StripPrefix.func1() and 2 more" func=github.com/kataras/golog.integrateExternalLogger.func1 file="golog@v0.0.18/integration.go:28"
time="2020-10-09T15:02:31+08:00" level=debug msg="[github.com/kataras/golog.integrateExternalLogger.func1(golog@v0.0.18/integration.go:28)] HEAD: /public/ui/*file -> github.com/kataras/iris/core/router.StripPrefix.func1() and 2 more" func=github.com/kataras/golog.integrateExternalLogger.func1 file="golog@v0.0.18/integration.go:28"
time="2020-10-09T15:02:31+08:00" level=debug msg="[github.com/kataras/golog.integrateExternalLogger.func1(golog@v0.0.18/integration.go:28)] GET: /public/ui/*file -> github.com/kataras/iris/core/router.StripPrefix.func1() and 2 more" func=github.com/kataras/golog.integrateExternalLogger.func1 file="golog@v0.0.18/integration.go:28"
time="2020-10-09T15:02:31+08:00" level=debug msg="[github.com/kataras/golog.integrateExternalLogger.func1(golog@v0.0.18/integration.go:28)] GET: / -> resk/public/ui.(*MobileView).indexHandler-fm() and 2 more" func=github.com/kataras/golog.integrateExternalLogger.func1 file="golog@v0.0.18/integration.go:28"
time="2020-10-09T15:02:31+08:00" level=debug msg="[github.com/kataras/golog.integrateExternalLogger.func1(golog@v0.0.18/integration.go:28)] GET: /envelope/sending -> resk/public/ui.(*MobileView).sendingHandler-fm() and 3 more" func=github.com/kataras/golog.integrateExternalLogger.func1 file="golog@v0.0.18/integration.go:28"
time="2020-10-09T15:02:31+08:00" level=debug msg="[github.com/kataras/golog.integrateExternalLogger.func1(golog@v0.0.18/integration.go:28)] PUT: / -> resk/public/ui.(*MobileView).indexHandler-fm() and 2 more" func=github.com/kataras/golog.integrateExternalLogger.func1 file="golog@v0.0.18/integration.go:28"
time="2020-10-09T15:02:31+08:00" level=debug msg="[github.com/kataras/golog.integrateExternalLogger.func1(golog@v0.0.18/integration.go:28)] DELETE: / -> resk/public/ui.(*MobileView).indexHandler-fm() and 2 more" func=github.com/kataras/golog.integrateExternalLogger.func1 file="golog@v0.0.18/integration.go:28"
time="2020-10-09T15:02:31+08:00" level=debug msg="[github.com/kataras/golog.integrateExternalLogger.func1(golog@v0.0.18/integration.go:28)] CONNECT: / -> resk/public/ui.(*MobileView).indexHandler-fm() and 2 more" func=github.com/kataras/golog.integrateExternalLogger.func1 file="golog@v0.0.18/integration.go:28"
time="2020-10-09T15:02:31+08:00" level=debug msg="[github.com/kataras/golog.integrateExternalLogger.func1(golog@v0.0.18/integration.go:28)] HEAD: / -> resk/public/ui.(*MobileView).indexHandler-fm() and 2 more" func=github.com/kataras/golog.integrateExternalLogger.func1 file="golog@v0.0.18/integration.go:28"
time="2020-10-09T15:02:31+08:00" level=debug msg="[github.com/kataras/golog.integrateExternalLogger.func1(golog@v0.0.18/integration.go:28)] PATCH: / -> resk/public/ui.(*MobileView).indexHandler-fm() and 2 more" func=github.com/kataras/golog.integrateExternalLogger.func1 file="golog@v0.0.18/integration.go:28"
time="2020-10-09T15:02:31+08:00" level=debug msg="[github.com/kataras/golog.integrateExternalLogger.func1(golog@v0.0.18/integration.go:28)] OPTIONS: / -> resk/public/ui.(*MobileView).indexHandler-fm() and 2 more" func=github.com/kataras/golog.integrateExternalLogger.func1 file="golog@v0.0.18/integration.go:28"
time="2020-10-09T15:02:31+08:00" level=debug msg="[github.com/kataras/golog.integrateExternalLogger.func1(golog@v0.0.18/integration.go:28)] TRACE: / -> resk/public/ui.(*MobileView).indexHandler-fm() and 2 more" func=github.com/kataras/golog.integrateExternalLogger.func1 file="golog@v0.0.18/integration.go:28"
time="2020-10-09T15:02:31+08:00" level=debug msg="[github.com/kataras/golog.integrateExternalLogger.func1(golog@v0.0.18/integration.go:28)] GET: /login -> resk/public/ui.(*MobileView).loginHandler-fm() and 2 more" func=github.com/kataras/golog.integrateExternalLogger.func1 file="golog@v0.0.18/integration.go:28"
time="2020-10-09T15:02:31+08:00" level=debug msg="[github.com/kataras/golog.integrateExternalLogger.func1(golog@v0.0.18/integration.go:28)] GET: /envelope/recd -> resk/public/ui.(*MobileView).receiveSubmitHandler-fm() and 3 more" func=github.com/kataras/golog.integrateExternalLogger.func1 file="golog@v0.0.18/integration.go:28"
time="2020-10-09T15:02:31+08:00" level=debug msg="[github.com/kataras/golog.integrateExternalLogger.func1(golog@v0.0.18/integration.go:28)] GET: /logout -> resk/public/ui.(*MobileView).logoutHandler-fm() and 2 more" func=github.com/kataras/golog.integrateExternalLogger.func1 file="golog@v0.0.18/integration.go:28"
time="2020-10-09T15:02:31+08:00" level=debug msg="[github.com/kataras/golog.integrateExternalLogger.func1(golog@v0.0.18/integration.go:28)] GET: /envelope/home -> resk/public/ui.(*MobileView).homeHandler-fm() and 3 more" func=github.com/kataras/golog.integrateExternalLogger.func1 file="golog@v0.0.18/integration.go:28"
time="2020-10-09T15:02:31+08:00" level=debug msg="[github.com/kataras/golog.integrateExternalLogger.func1(golog@v0.0.18/integration.go:28)] GET: /envelope/recvd/list -> resk/public/ui.(*MobileView).receivedListHandler-fm() and 3 more" func=github.com/kataras/golog.integrateExternalLogger.func1 file="golog@v0.0.18/integration.go:28"
time="2020-10-09T15:02:31+08:00" level=debug msg="[github.com/kataras/golog.integrateExternalLogger.func1(golog@v0.0.18/integration.go:28)] GET: /envelope/list -> resk/public/ui.(*MobileView).listHandler-fm() and 3 more" func=github.com/kataras/golog.integrateExternalLogger.func1 file="golog@v0.0.18/integration.go:28"
time="2020-10-09T15:02:31+08:00" level=debug msg="[github.com/kataras/golog.integrateExternalLogger.func1(golog@v0.0.18/integration.go:28)] GET: /envelope/details -> resk/public/ui.(*MobileView).detailsHandler-fm() and 3 more" func=github.com/kataras/golog.integrateExternalLogger.func1 file="golog@v0.0.18/integration.go:28"
time="2020-10-09T15:02:31+08:00" level=debug msg="[github.com/kataras/golog.integrateExternalLogger.func1(golog@v0.0.18/integration.go:28)] GET: /envelope/rev/home -> resk/public/ui.(*MobileView).receiveHomeHandler-fm() and 3 more" func=github.com/kataras/golog.integrateExternalLogger.func1 file="golog@v0.0.18/integration.go:28"
time="2020-10-09T15:02:31+08:00" level=debug msg="[github.com/kataras/golog.integrateExternalLogger.func1(golog@v0.0.18/integration.go:28)] POST: /envelope/sending -> resk/public/ui.(*MobileView).sendingSubmitHandler-fm() and 3 more" func=github.com/kataras/golog.integrateExternalLogger.func1 file="golog@v0.0.18/integration.go:28"
time="2020-10-09T15:02:31+08:00" level=debug msg="[github.com/kataras/golog.integrateExternalLogger.func1(golog@v0.0.18/integration.go:28)] POST: /login -> resk/public/ui.(*MobileView).loginSubmitHandler-fm() and 2 more" func=github.com/kataras/golog.integrateExternalLogger.func1 file="golog@v0.0.18/integration.go:28"
time="2020-10-09T15:02:31+08:00" level=debug msg="[github.com/kataras/golog.integrateExternalLogger.func1(golog@v0.0.18/integration.go:28)] POST: / -> resk/public/ui.(*MobileView).indexHandler-fm() and 2 more" func=github.com/kataras/golog.integrateExternalLogger.func1 file="golog@v0.0.18/integration.go:28"
time="2020-10-09T15:02:31+08:00" level=debug msg="[github.com/kataras/golog.integrateExternalLogger.func1(golog@v0.0.18/integration.go:28)] Application: 1 registered view engine(s)" func=github.com/kataras/golog.integrateExternalLogger.func1 file="golog@v0.0.18/integration.go:28"
time="2020-10-09T15:02:31+08:00" level=debug msg="[github.com/kataras/golog.integrateExternalLogger.func1(golog@v0.0.18/integration.go:28)] Application: running using 1 host(s)" func=github.com/kataras/golog.integrateExternalLogger.func1 file="golog@v0.0.18/integration.go:28"
time="2020-10-09T15:02:31+08:00" level=debug msg="[github.com/kataras/golog.integrateExternalLogger.func1(golog@v0.0.18/integration.go:28)] Host: addr is :9090" func=github.com/kataras/golog.integrateExternalLogger.func1 file="golog@v0.0.18/integration.go:28"
time="2020-10-09T15:02:31+08:00" level=debug msg="[github.com/kataras/golog.integrateExternalLogger.func1(golog@v0.0.18/integration.go:28)] Host: virtual host is localhost:9090" func=github.com/kataras/golog.integrateExternalLogger.func1 file="golog@v0.0.18/integration.go:28"
time="2020-10-09T15:02:31+08:00" level=debug msg="[github.com/kataras/golog.integrateExternalLogger.func1(golog@v0.0.18/integration.go:28)] Host: register startup notifier" func=github.com/kataras/golog.integrateExternalLogger.func1 file="golog@v0.0.18/integration.go:28"
time="2020-10-09T15:02:31+08:00" level=debug msg="[github.com/kataras/golog.integrateExternalLogger.func1(golog@v0.0.18/integration.go:28)] Host: register server shutdown on interrupt(CTRL+C/CMD+C)" func=github.com/kataras/golog.integrateExternalLogger.func1 file="golog@v0.0.18/integration.go:28"
time="2020-10-09T15:02:57+08:00" level=info msg="[github.com/kataras/golog.integrateExternalLogger.func1(golog@v0.0.18/integration.go:28)] | 2020-10-09 15:02:57.884541 | 6.9731ms | 200 | ::1 | GET | / | %!s(<nil>) | %!s(<nil>)" func=github.com/kataras/golog.integrateExternalLogger.func1 file="golog@v0.0.18/integration.go:28"
time="2020-10-09T15:02:58+08:00" level=info msg="[github.com/kataras/golog.integrateExternalLogger.func1(golog@v0.0.18/integration.go:28)] | 2020-10-09 15:02:58.036632 | 0s | 200 | ::1 | GET | /css/iconfont.css | %!s(<nil>) | %!s(<nil>)" func=github.com/kataras/golog.integrateExternalLogger.func1 file="golog@v0.0.18/integration.go:28"
time="2020-10-09T15:02:58+08:00" level=info msg="[github.com/kataras/golog.integrateExternalLogger.func1(golog@v0.0.18/integration.go:28)] | 2020-10-09 15:02:58.038302 | 997.4µs | 200 | ::1 | GET | /css/red.css | %!s(<nil>) | %!s(<nil>)" func=github.com/kataras/golog.integrateExternalLogger.func1 file="golog@v0.0.18/integration.go:28"
time="2020-10-09T15:02:58+08:00" level=info msg="[github.com/kataras/golog.integrateExternalLogger.func1(golog@v0.0.18/integration.go:28)] | 2020-10-09 15:02:58.041293 | 1.9949ms | 200 | ::1 | GET | /css/iconfont.js | %!s(<nil>) | %!s(<nil>)" func=github.com/kataras/golog.integrateExternalLogger.func1 file="golog@v0.0.18/integration.go:28"
time="2020-10-09T15:02:58+08:00" level=info msg="[github.com/kataras/golog.integrateExternalLogger.func1(golog@v0.0.18/integration.go:28)] | 2020-10-09 15:02:58.521052 | 911.7µs | 200 | ::1 | GET | /favicon.ico | %!s(<nil>) | %!s(<nil>)" func=github.com/kataras/golog.integrateExternalLogger.func1 file="golog@v0.0.18/integration.go:28"
time="2020-10-09T15:03:05+08:00" level=info msg="[resk/core/users.(*UserService).Login(users/service.go:129)] 已经存在红包资金账户：&{1 1 pd 123 2020-09-09 15:53:48.36 +0800 CST 2020-09-09 15:53:48.36 +0800 CST}" func="resk/core/users.(*UserService).Login" file="users/service.go:129"
time="2020-10-09T15:03:05+08:00" level=info msg="[github.com/kataras/golog.integrateExternalLogger.func1(golog@v0.0.18/integration.go:28)] | 2020-10-09 15:03:05.080672 | 393.2774ms | 302 | ::1 | POST | /login | %!s(<nil>) | %!s(<nil>)" func=github.com/kataras/golog.integrateExternalLogger.func1 file="golog@v0.0.18/integration.go:28"
time="2020-10-09T15:03:05+08:00" level=info msg="[resk/public/ui.(*MobileView).Init.func1(ui/ui.go:43)] 1" func="resk/public/ui.(*MobileView).Init.func1" file="ui/ui.go:43"
time="2020-10-09T15:03:05+08:00" level=info msg="[github.com/kataras/golog.integrateExternalLogger.func1(golog@v0.0.18/integration.go:28)] | 2020-10-09 15:03:05.329810 | 221.0257ms | 200 | ::1 | GET | /envelope/home | %!s(<nil>) | %!s(<nil>)" func=github.com/kataras/golog.integrateExternalLogger.func1 file="golog@v0.0.18/integration.go:28"
time="2020-10-09T15:03:07+08:00" level=info msg="[resk/public/ui.(*MobileView).Init.func1(ui/ui.go:43)] 1" func="resk/public/ui.(*MobileView).Init.func1" file="ui/ui.go:43"
time="2020-10-09T15:03:07+08:00" level=info msg="[github.com/kataras/golog.integrateExternalLogger.func1(golog@v0.0.18/integration.go:28)] | 2020-10-09 15:03:07.368846 | 11.9653ms | 200 | ::1 | GET | /envelope/sending | %!s(<nil>) | %!s(<nil>)" func=github.com/kataras/golog.integrateExternalLogger.func1 file="golog@v0.0.18/integration.go:28"
time="2020-10-09T15:03:09+08:00" level=info msg="[resk/public/ui.(*MobileView).Init.func1(ui/ui.go:43)] 1" func="resk/public/ui.(*MobileView).Init.func1" file="ui/ui.go:43"
time="2020-10-09T15:03:09+08:00" level=info msg="[github.com/kataras/golog.integrateExternalLogger.func1(golog@v0.0.18/integration.go:28)] | 2020-10-09 15:03:09.905741 | 211.2411ms | 200 | ::1 | GET | /envelope/rev/home | %!s(<nil>) | %!s(<nil>)" func=github.com/kataras/golog.integrateExternalLogger.func1 file="golog@v0.0.18/integration.go:28"
time="2020-10-09T15:03:11+08:00" level=info msg="[resk/public/ui.(*MobileView).Init.func1(ui/ui.go:43)] 1" func="resk/public/ui.(*MobileView).Init.func1" file="ui/ui.go:43"
time="2020-10-09T15:03:11+08:00" level=info msg="[github.com/kataras/golog.integrateExternalLogger.func1(golog@v0.0.18/integration.go:28)] | 2020-10-09 15:03:11.940866 | 215.0754ms | 200 | ::1 | GET | /envelope/recvd/list | %!s(<nil>) | %!s(<nil>)" func=github.com/kataras/golog.integrateExternalLogger.func1 file="golog@v0.0.18/integration.go:28"
time="2020-10-09T15:03:22+08:00" level=error msg="[github.com/kataras/golog.integrateExternalLogger.func1(golog@v0.0.18/integration.go:28)] http: Server closed" func=github.com/kataras/golog.integrateExternalLogger.func1 file="golog@v0.0.18/integration.go:28"
